<?xml version="1.0" encoding="UTF-8"?>
<testng-results skipped="0" failed="1" total="2" passed="1">
  <reporter-output>
  </reporter-output>
  <suite name="Suite" duration-ms="31185" started-at="2018-09-13T05:05:52Z" finished-at="2018-09-13T05:06:23Z">
    <groups>
    </groups>
    <test name="Test" duration-ms="31185" started-at="2018-09-13T05:05:52Z" finished-at="2018-09-13T05:06:23Z">
      <class name="com.action.demo.ActionDemo">
        <test-method status="PASS" signature="beforeTest()[pri:0, instance:com.action.demo.ActionDemo@42d80b78]" name="beforeTest" is-config="true" duration-ms="8707" started-at="2018-09-13T10:35:52Z" finished-at="2018-09-13T10:36:01Z">
          <reporter-output>
          </reporter-output>
        </test-method> <!-- beforeTest -->
        <test-method status="PASS" signature="beforeTest()[pri:0, instance:com.action.demo.FrameDemo@53b32d7]" name="beforeTest" is-config="true" duration-ms="9738" started-at="2018-09-13T10:36:01Z" finished-at="2018-09-13T10:36:10Z">
          <reporter-output>
          </reporter-output>
        </test-method> <!-- beforeTest -->
        <test-method status="PASS" signature="resizableOperation()[pri:0, instance:com.action.demo.ActionDemo@42d80b78]" name="resizableOperation" duration-ms="2008" started-at="2018-09-13T10:36:11Z" finished-at="2018-09-13T10:36:13Z">
          <reporter-output>
          </reporter-output>
        </test-method> <!-- resizableOperation -->
        <test-method status="PASS" signature="afterTest()[pri:0, instance:com.action.demo.ActionDemo@42d80b78]" name="afterTest" is-config="true" duration-ms="1" started-at="2018-09-13T10:36:22Z" finished-at="2018-09-13T10:36:22Z">
          <reporter-output>
          </reporter-output>
        </test-method> <!-- afterTest -->
        <test-method status="PASS" signature="afterTest()[pri:0, instance:com.action.demo.FrameDemo@53b32d7]" name="afterTest" is-config="true" duration-ms="1428" started-at="2018-09-13T10:36:22Z" finished-at="2018-09-13T10:36:23Z">
          <reporter-output>
          </reporter-output>
        </test-method> <!-- afterTest -->
      </class> <!-- com.action.demo.ActionDemo -->
      <class name="com.action.demo.FrameDemo">
        <test-method status="FAIL" signature="verifyForMultipleFrames()[pri:0, instance:com.action.demo.FrameDemo@53b32d7]" name="verifyForMultipleFrames" duration-ms="9280" started-at="2018-09-13T10:36:13Z" finished-at="2018-09-13T10:36:22Z">
          <exception class="org.openqa.selenium.NoSuchFrameException">
            <message>
              <![CDATA[no such frame
  (Session info: chrome=68.0.3440.106)
  (Driver info: chromedriver=2.41.578737 (49da6702b16031c40d63e5618de03a32ff6c197e),platform=Windows NT 10.0.16299 x86_64) (WARNING: The server did not provide any stacktrace information)
Command duration or timeout: 13 milliseconds
Build info: version: '3.4.0', revision: 'unknown', time: 'unknown'
System info: host: 'DDC5-D-4R06T72', ip: '192.168.56.1', os.name: 'Windows 10', os.arch: 'amd64', os.version: '10.0', java.version: '1.8.0_151'
Driver info: org.openqa.selenium.chrome.ChromeDriver
Capabilities [{mobileEmulationEnabled=false, hasTouchScreen=false, platform=XP, acceptSslCerts=false, goog:chromeOptions={debuggerAddress=localhost:56312}, acceptInsecureCerts=false, webStorageEnabled=true, browserName=chrome, takesScreenshot=true, javascriptEnabled=true, setWindowRect=true, unexpectedAlertBehaviour=, applicationCacheEnabled=false, rotatable=false, networkConnectionEnabled=false, chrome={chromedriverVersion=2.41.578737 (49da6702b16031c40d63e5618de03a32ff6c197e), userDataDir=C:\Users\TRAINI~1.02\AppData\Local\Temp\scoped_dir7416_13230}, takesHeapSnapshot=true, pageLoadStrategy=normal, databaseEnabled=false, handlesAlerts=true, version=68.0.3440.106, browserConnectionEnabled=false, nativeEvents=true, locationContextEnabled=true, cssSelectorsEnabled=true}]
Session ID: 9ef2d39498a0a45afbbb36b47ea4655d]]>
            </message>
            <full-stacktrace>
              <![CDATA[org.openqa.selenium.NoSuchFrameException: no such frame
  (Session info: chrome=68.0.3440.106)
  (Driver info: chromedriver=2.41.578737 (49da6702b16031c40d63e5618de03a32ff6c197e),platform=Windows NT 10.0.16299 x86_64) (WARNING: The server did not provide any stacktrace information)
Command duration or timeout: 13 milliseconds
Build info: version: '3.4.0', revision: 'unknown', time: 'unknown'
System info: host: 'DDC5-D-4R06T72', ip: '192.168.56.1', os.name: 'Windows 10', os.arch: 'amd64', os.version: '10.0', java.version: '1.8.0_151'
Driver info: org.openqa.selenium.chrome.ChromeDriver
Capabilities [{mobileEmulationEnabled=false, hasTouchScreen=false, platform=XP, acceptSslCerts=false, goog:chromeOptions={debuggerAddress=localhost:56312}, acceptInsecureCerts=false, webStorageEnabled=true, browserName=chrome, takesScreenshot=true, javascriptEnabled=true, setWindowRect=true, unexpectedAlertBehaviour=, applicationCacheEnabled=false, rotatable=false, networkConnectionEnabled=false, chrome={chromedriverVersion=2.41.578737 (49da6702b16031c40d63e5618de03a32ff6c197e), userDataDir=C:\Users\TRAINI~1.02\AppData\Local\Temp\scoped_dir7416_13230}, takesHeapSnapshot=true, pageLoadStrategy=normal, databaseEnabled=false, handlesAlerts=true, version=68.0.3440.106, browserConnectionEnabled=false, nativeEvents=true, locationContextEnabled=true, cssSelectorsEnabled=true}]
Session ID: 9ef2d39498a0a45afbbb36b47ea4655d
	at sun.reflect.NativeConstructorAccessorImpl.newInstance0(Native Method)
	at sun.reflect.NativeConstructorAccessorImpl.newInstance(Unknown Source)
	at sun.reflect.DelegatingConstructorAccessorImpl.newInstance(Unknown Source)
	at java.lang.reflect.Constructor.newInstance(Unknown Source)
	at org.openqa.selenium.remote.ErrorHandler.createThrowable(ErrorHandler.java:215)
	at org.openqa.selenium.remote.ErrorHandler.throwIfResponseFailed(ErrorHandler.java:167)
	at org.openqa.selenium.remote.RemoteWebDriver.execute(RemoteWebDriver.java:671)
	at org.openqa.selenium.remote.RemoteWebDriver$RemoteTargetLocator.frame(RemoteWebDriver.java:960)
	at com.action.demo.FrameDemo.verifyForMultipleFrames(FrameDemo.java:49)
	at sun.reflect.NativeMethodAccessorImpl.invoke0(Native Method)
	at sun.reflect.NativeMethodAccessorImpl.invoke(Unknown Source)
	at sun.reflect.DelegatingMethodAccessorImpl.invoke(Unknown Source)
	at java.lang.reflect.Method.invoke(Unknown Source)
	at org.testng.internal.MethodInvocationHelper.invokeMethod(MethodInvocationHelper.java:80)
	at org.testng.internal.Invoker.invokeMethod(Invoker.java:715)
	at org.testng.internal.Invoker.invokeTestMethod(Invoker.java:907)
	at org.testng.internal.Invoker.invokeTestMethods(Invoker.java:1237)
	at org.testng.internal.TestMethodWorker.invokeTestMethods(TestMethodWorker.java:127)
	at org.testng.internal.TestMethodWorker.run(TestMethodWorker.java:111)
	at org.testng.TestRunner.privateRun(TestRunner.java:767)
	at org.testng.TestRunner.run(TestRunner.java:617)
	at org.testng.SuiteRunner.runTest(SuiteRunner.java:334)
	at org.testng.SuiteRunner.runSequentially(SuiteRunner.java:329)
	at org.testng.SuiteRunner.privateRun(SuiteRunner.java:291)
	at org.testng.SuiteRunner.run(SuiteRunner.java:240)
	at org.testng.SuiteRunnerWorker.runSuite(SuiteRunnerWorker.java:51)
	at org.testng.SuiteRunnerWorker.run(SuiteRunnerWorker.java:85)
	at org.testng.TestNG.runSuitesSequentially(TestNG.java:1197)
	at org.testng.TestNG.runSuitesLocally(TestNG.java:1122)
	at org.testng.TestNG.run(TestNG.java:1030)
	at org.testng.remote.AbstractRemoteTestNG.run(AbstractRemoteTestNG.java:114)
	at org.testng.remote.RemoteTestNG.initAndRun(RemoteTestNG.java:251)
	at org.testng.remote.RemoteTestNG.main(RemoteTestNG.java:77)
]]>
            </full-stacktrace>
          </exception> <!-- org.openqa.selenium.NoSuchFrameException -->
          <reporter-output>
          </reporter-output>
        </test-method> <!-- verifyForMultipleFrames -->
      </class> <!-- com.action.demo.FrameDemo -->
    </test> <!-- Test -->
  </suite> <!-- Suite -->
</testng-results>
